[ DEBUG ] 2015-07-07 11:29:15 run_line: file /home/Leon/devops/idcms_note/Mon/simpleNet/nbNetBase.pyc line 103 init: init listen socket 
[ DEBUG ] 2015-07-07 11:29:15 run_line: file /home/Leon/devops/idcms_note/Mon/simpleNet/nbNetBase.pyc line 119 setFD: crete init state
[ DEBUG ] 2015-07-07 11:29:15 run_line: file /home/Leon/devops/idcms_note/Mon/simpleNet/nbNetBase.pyc line 84 
 current_fd:3 
 state:accept
 need_read:10 
 need_write:0
 have_read:0
 have_write:0
 buff_read: 
 buff_write:
 sock_obj:<socket._socketobject object at 0x7f55995429f0> 
 sock_addr:None
[ DEBUG ] 2015-07-07 11:29:17 run_line: file /home/Leon/devops/idcms_note/Mon/simpleNet/nbNetBase.pyc line 323 epoll: epoll find fd(3) have signal
[ DEBUG ] 2015-07-07 11:29:17 run_line: file /home/Leon/devops/idcms_note/Mon/simpleNet/nbNetBase.pyc line 331 epoll: use state_machine process fd(3)
[ DEBUG ] 2015-07-07 11:29:17 run_line: file /home/Leon/devops/idcms_note/Mon/simpleNet/nbNetBase.pyc line 134 state_machine: run state
[ DEBUG ] 2015-07-07 11:29:17 run_line: file /home/Leon/devops/idcms_note/Mon/simpleNet/nbNetBase.pyc line 84 
 current_fd:3 
 state:accept
 need_read:10 
 need_write:0
 have_read:0
 have_write:0
 buff_read: 
 buff_write:
 sock_obj:<socket._socketobject object at 0x7f55995429f0> 
 sock_addr:None
[ DEBUG ] 2015-07-07 11:29:17 run_line: file /home/Leon/devops/idcms_note/Mon/simpleNet/nbNetBase.pyc line 147 accept: accept client
[ DEBUG ] 2015-07-07 11:29:17 run_line: file /home/Leon/devops/idcms_note/Mon/simpleNet/nbNetBase.pyc line 158 accept: find new socket client fd(6)
[ DEBUG ] 2015-07-07 11:29:17 run_line: file /home/Leon/devops/idcms_note/Mon/simpleNet/nbNetBase.pyc line 119 setFD: crete init state
[ DEBUG ] 2015-07-07 11:29:17 run_line: file /home/Leon/devops/idcms_note/Mon/simpleNet/nbNetBase.pyc line 84 
 current_fd:6 
 state:accept
 need_read:10 
 need_write:0
 have_read:0
 have_write:0
 buff_read: 
 buff_write:
 sock_obj:<socket._socketobject object at 0x7f5599542a60> 
 sock_addr:127.0.0.1
[ DEBUG ] 2015-07-07 11:29:17 run_line: file ./nbNetFramework.py line 42 ***chang socket fd(6) state to read***
[ DEBUG ] 2015-07-07 11:29:17 run_line: file /home/Leon/devops/idcms_note/Mon/simpleNet/nbNetBase.pyc line 323 epoll: epoll find fd(6) have signal
[ DEBUG ] 2015-07-07 11:29:17 run_line: file /home/Leon/devops/idcms_note/Mon/simpleNet/nbNetBase.pyc line 331 epoll: use state_machine process fd(6)
[ DEBUG ] 2015-07-07 11:29:17 run_line: file /home/Leon/devops/idcms_note/Mon/simpleNet/nbNetBase.pyc line 134 state_machine: run state
[ DEBUG ] 2015-07-07 11:29:17 run_line: file /home/Leon/devops/idcms_note/Mon/simpleNet/nbNetBase.pyc line 84 
 current_fd:6 
 state:read
 need_read:10 
 need_write:0
 have_read:0
 have_write:0
 buff_read: 
 buff_write:
 sock_obj:<socket._socketobject object at 0x7f5599542a60> 
 sock_addr:127.0.0.1
[ DEBUG ] 2015-07-07 11:29:17 run_line: file /home/Leon/devops/idcms_note/Mon/simpleNet/nbNetBase.pyc line 172 read: start read data
[ DEBUG ] 2015-07-07 11:29:17 run_line: file /home/Leon/devops/idcms_note/Mon/simpleNet/nbNetBase.pyc line 194 read: read state
[ DEBUG ] 2015-07-07 11:29:17 run_line: file /home/Leon/devops/idcms_note/Mon/simpleNet/nbNetBase.pyc line 84 
 current_fd:6 
 state:read
 need_read:0 
 need_write:0
 have_read:10
 have_write:0
 buff_read:0000000001 
 buff_write:
 sock_obj:<socket._socketobject object at 0x7f5599542a60> 
 sock_addr:127.0.0.1
[ DEBUG ] 2015-07-07 11:29:17 run_line: file /home/Leon/devops/idcms_note/Mon/simpleNet/nbNetBase.pyc line 206 read: protocol read end
[ DEBUG ] 2015-07-07 11:29:17 run_line: file /home/Leon/devops/idcms_note/Mon/simpleNet/nbNetBase.pyc line 84 
 current_fd:6 
 state:read
 need_read:1 
 need_write:0
 have_read:10
 have_write:0
 buff_read: 
 buff_write:
 sock_obj:<socket._socketobject object at 0x7f5599542a60> 
 sock_addr:127.0.0.1
[ DEBUG ] 2015-07-07 11:29:17 run_line: file /home/Leon/devops/idcms_note/Mon/simpleNet/nbNetBase.pyc line 323 epoll: epoll find fd(6) have signal
[ DEBUG ] 2015-07-07 11:29:17 run_line: file /home/Leon/devops/idcms_note/Mon/simpleNet/nbNetBase.pyc line 331 epoll: use state_machine process fd(6)
[ DEBUG ] 2015-07-07 11:29:17 run_line: file /home/Leon/devops/idcms_note/Mon/simpleNet/nbNetBase.pyc line 134 state_machine: run state
[ DEBUG ] 2015-07-07 11:29:17 run_line: file /home/Leon/devops/idcms_note/Mon/simpleNet/nbNetBase.pyc line 84 
 current_fd:6 
 state:read
 need_read:1 
 need_write:0
 have_read:10
 have_write:0
 buff_read: 
 buff_write:
 sock_obj:<socket._socketobject object at 0x7f5599542a60> 
 sock_addr:127.0.0.1
[ DEBUG ] 2015-07-07 11:29:17 run_line: file /home/Leon/devops/idcms_note/Mon/simpleNet/nbNetBase.pyc line 172 read: start read data
[ DEBUG ] 2015-07-07 11:29:17 run_line: file /home/Leon/devops/idcms_note/Mon/simpleNet/nbNetBase.pyc line 194 read: read state
[ DEBUG ] 2015-07-07 11:29:17 run_line: file /home/Leon/devops/idcms_note/Mon/simpleNet/nbNetBase.pyc line 84 
 current_fd:6 
 state:read
 need_read:0 
 need_write:0
 have_read:11
 have_write:0
 buff_read:1 
 buff_write:
 sock_obj:<socket._socketobject object at 0x7f5599542a60> 
 sock_addr:127.0.0.1
[ DEBUG ] 2015-07-07 11:29:17 run_line: file /home/Leon/devops/idcms_note/Mon/simpleNet/nbNetBase.pyc line 226 read: read end
[ DEBUG ] 2015-07-07 11:29:17 run_line: file /home/Leon/devops/idcms_note/Mon/simpleNet/nbNetBase.pyc line 247 proces: proces start
[ DEBUG ] 2015-07-07 11:29:17 run_line: file /home/Leon/devops/idcms_note/Mon/simpleNet/nbNetBase.pyc line 262 ***process: process end fd state change to write***
[ DEBUG ] 2015-07-07 11:29:17 run_line: file /home/Leon/devops/idcms_note/Mon/simpleNet/nbNetBase.pyc line 84 
 current_fd:6 
 state:write
 need_read:0 
 need_write:11
 have_read:11
 have_write:0
 buff_read:1 
 buff_write:00000000011
 sock_obj:<socket._socketobject object at 0x7f5599542a60> 
 sock_addr:127.0.0.1
[ DEBUG ] 2015-07-07 11:29:17 run_line: file /home/Leon/devops/idcms_note/Mon/simpleNet/nbNetBase.pyc line 323 epoll: epoll find fd(6) have signal
[ DEBUG ] 2015-07-07 11:29:17 run_line: file /home/Leon/devops/idcms_note/Mon/simpleNet/nbNetBase.pyc line 331 epoll: use state_machine process fd(6)
[ DEBUG ] 2015-07-07 11:29:17 run_line: file /home/Leon/devops/idcms_note/Mon/simpleNet/nbNetBase.pyc line 134 state_machine: run state
[ DEBUG ] 2015-07-07 11:29:17 run_line: file /home/Leon/devops/idcms_note/Mon/simpleNet/nbNetBase.pyc line 84 
 current_fd:6 
 state:write
 need_read:0 
 need_write:11
 have_read:11
 have_write:0
 buff_read:1 
 buff_write:00000000011
 sock_obj:<socket._socketobject object at 0x7f5599542a60> 
 sock_addr:127.0.0.1
[ DEBUG ] 2015-07-07 11:29:17 run_line: file /home/Leon/devops/idcms_note/Mon/simpleNet/nbNetBase.pyc line 267 write: start write data
[ DEBUG ] 2015-07-07 11:29:17 run_line: file /home/Leon/devops/idcms_note/Mon/simpleNet/nbNetBase.pyc line 274 write: write state
[ DEBUG ] 2015-07-07 11:29:17 run_line: file /home/Leon/devops/idcms_note/Mon/simpleNet/nbNetBase.pyc line 84 
 current_fd:6 
 state:write
 need_read:0 
 need_write:0
 have_read:11
 have_write:11
 buff_read:1 
 buff_write:00000000011
 sock_obj:<socket._socketobject object at 0x7f5599542a60> 
 sock_addr:127.0.0.1
[ DEBUG ] 2015-07-07 11:29:17 run_line: file /home/Leon/devops/idcms_note/Mon/simpleNet/nbNetBase.pyc line 286 wirte: write end
[ DEBUG ] 2015-07-07 11:29:17 run_line: file /home/Leon/devops/idcms_note/Mon/simpleNet/nbNetBase.pyc line 119 setFD: crete init state
[ DEBUG ] 2015-07-07 11:29:17 run_line: file /home/Leon/devops/idcms_note/Mon/simpleNet/nbNetBase.pyc line 84 
 current_fd:6 
 state:accept
 need_read:10 
 need_write:0
 have_read:0
 have_write:0
 buff_read: 
 buff_write:
 sock_obj:<socket._socketobject object at 0x7f5599542a60> 
 sock_addr:127.0.0.1
[ DEBUG ] 2015-07-07 11:29:17 run_line: file ./nbNetFramework.py line 88 ***chang socket fd(6) state to read***
[ DEBUG ] 2015-07-07 11:29:17 run_line: file /home/Leon/devops/idcms_note/Mon/simpleNet/nbNetBase.pyc line 323 epoll: epoll find fd(6) have signal
[ DEBUG ] 2015-07-07 11:29:17 run_line: file /home/Leon/devops/idcms_note/Mon/simpleNet/nbNetBase.pyc line 331 epoll: use state_machine process fd(6)
[ DEBUG ] 2015-07-07 11:29:17 run_line: file /home/Leon/devops/idcms_note/Mon/simpleNet/nbNetBase.pyc line 134 state_machine: run state
[ DEBUG ] 2015-07-07 11:29:17 run_line: file /home/Leon/devops/idcms_note/Mon/simpleNet/nbNetBase.pyc line 84 
 current_fd:6 
 state:read
 need_read:10 
 need_write:0
 have_read:0
 have_write:0
 buff_read: 
 buff_write:
 sock_obj:<socket._socketobject object at 0x7f5599542a60> 
 sock_addr:127.0.0.1
[ DEBUG ] 2015-07-07 11:29:17 run_line: file /home/Leon/devops/idcms_note/Mon/simpleNet/nbNetBase.pyc line 172 read: start read data
[ DEBUG ] 2015-07-07 11:29:17 run_line: file /home/Leon/devops/idcms_note/Mon/simpleNet/nbNetBase.pyc line 242 ***read: soket fd(6) error() change state to closing***
[ DEBUG ] 2015-07-07 11:29:17 run_line: file /home/Leon/devops/idcms_note/Mon/simpleNet/nbNetBase.pyc line 134 state_machine: run state
[ DEBUG ] 2015-07-07 11:29:17 run_line: file /home/Leon/devops/idcms_note/Mon/simpleNet/nbNetBase.pyc line 84 
 current_fd:6 
 state:closing
 need_read:10 
 need_write:0
 have_read:0
 have_write:0
 buff_read: 
 buff_write:
 sock_obj:<socket._socketobject object at 0x7f5599542a60> 
 sock_addr:127.0.0.1
[ DEBUG ] 2015-07-07 11:29:17 run_line: file /home/Leon/devops/idcms_note/Mon/simpleNet/nbNetBase.pyc line 304 close: close fd(6)
[ DEBUG ] 2015-07-13 15:53:32 run_line: file /home/Leon/devops/IDCMS/idcms_note/Mon/simpleNet/nbNetBase.py line 104 init: init listen socket 
[ DEBUG ] 2015-07-13 15:53:32 run_line: file /home/Leon/devops/IDCMS/idcms_note/Mon/simpleNet/nbNetBase.py line 120 setFD: crete init state
[ DEBUG ] 2015-07-13 15:53:32 run_line: file /home/Leon/devops/IDCMS/idcms_note/Mon/simpleNet/nbNetBase.py line 85 
 current_fd:3 
 state:accept
 need_read:10 
 need_write:0
 have_read:0
 have_write:0
 buff_read: 
 buff_write:
 sock_obj:<socket._socketobject object at 0x7ff2b7244b40> 
 sock_addr:None
